<?xml version="1.0" encoding="UTF-8"?>
<testsuite name="ig.rueishi.nitroj.exchange.e2e.CoinbaseFixL3LiveWireE2ETest" tests="2" skipped="0" failures="0" errors="0" timestamp="2026-04-29T00:55:23" hostname="LAPTOP-PGTQL50G" time="0.672">
  <properties/>
  <testcase name="l3LiveWire_marketDataOrderExecutionAndFailureCases_areCovered()" classname="ig.rueishi.nitroj.exchange.e2e.CoinbaseFixL3LiveWireE2ETest" time="0.51"/>
  <testcase name="l3LiveWire_edgeExceptionAndDisconnectCases_areDeterministic()" classname="ig.rueishi.nitroj.exchange.e2e.CoinbaseFixL3LiveWireE2ETest" time="0.159"/>
  <system-out><![CDATA[]]></system-out>
  <system-err><![CDATA[AtomicBuffer was created from a byte[] and is not correctly aligned by 8
AtomicBuffer was created from a byte[] and is not correctly aligned by 8
AtomicBuffer was created from a byte[] and is not correctly aligned by 8
AtomicBuffer was created from a byte[] and is not correctly aligned by 8
AtomicBuffer was created from a byte[] and is not correctly aligned by 8
AtomicBuffer was created from a byte[] and is not correctly aligned by 8
AtomicBuffer was created from a byte[] and is not correctly aligned by 8
]]></system-err>
</testsuite>
