<?xml version="1.0" encoding="UTF-8"?>
<testsuite name="ig.rueishi.nitroj.exchange.e2e.V13ParentIntentLiveWireE2ETest" tests="2" skipped="0" failures="0" errors="0" timestamp="2026-04-29T00:55:24" hostname="LAPTOP-PGTQL50G" time="0.379">
  <properties/>
  <testcase name="marketMakingQuoteIntent_postOnlyExecution_reachesSimulatorFillAndParentCallback()" classname="ig.rueishi.nitroj.exchange.e2e.V13ParentIntentLiveWireE2ETest" time="0.292"/>
  <testcase name="arbMultiLegIntent_contingentExecution_reachesSimulatorFillAndCooldownCallback()" classname="ig.rueishi.nitroj.exchange.e2e.V13ParentIntentLiveWireE2ETest" time="0.085"/>
  <system-out><![CDATA[]]></system-out>
  <system-err><![CDATA[AtomicBuffer was created from a byte[] and is not correctly aligned by 8
AtomicBuffer was created from a byte[] and is not correctly aligned by 8
AtomicBuffer was created from a byte[] and is not correctly aligned by 8
AtomicBuffer was created from a byte[] and is not correctly aligned by 8
AtomicBuffer was created from a byte[] and is not correctly aligned by 8
AtomicBuffer was created from a byte[] and is not correctly aligned by 8
]]></system-err>
</testsuite>
