<?xml version="1.0" encoding="UTF-8"?>
<testsuite name="ig.rueishi.nitroj.exchange.e2e.CoinbaseFixL3PipelineE2ETest" tests="1" skipped="0" failures="0" errors="0" timestamp="2026-04-29T00:55:23" hostname="LAPTOP-PGTQL50G" time="0.046">
  <properties/>
  <testcase name="coinbaseFixL3AddAndChange_buildMarketByOrderAndDerivedL2()" classname="ig.rueishi.nitroj.exchange.e2e.CoinbaseFixL3PipelineE2ETest" time="0.046"/>
  <system-out><![CDATA[]]></system-out>
  <system-err><![CDATA[AtomicBuffer was created from a byte[] and is not correctly aligned by 8
]]></system-err>
</testsuite>
