<?xml version="1.0" encoding="UTF-8"?>
<testsuite name="ig.rueishi.nitroj.exchange.cluster.ClusterMainTest" tests="1" skipped="0" failures="0" errors="0" timestamp="2026-04-29T00:54:37" hostname="LAPTOP-PGTQL50G" time="0.052">
  <properties/>
  <testcase name="buildClusteredService_wiresExecutionEngineAndPreservesItAfterClusterInstall()" classname="ig.rueishi.nitroj.exchange.cluster.ClusterMainTest" time="0.052"/>
  <system-out><![CDATA[]]></system-out>
  <system-err><![CDATA[AtomicBuffer was created from a byte[] and is not correctly aligned by 8
]]></system-err>
</testsuite>
