<?xml version="1.0" encoding="UTF-8"?>
<testsuite name="ig.rueishi.nitroj.exchange.execution.PostOnlyQuoteExecutionTest" tests="13" skipped="0" failures="0" errors="0" timestamp="2026-04-29T00:54:39" hostname="LAPTOP-PGTQL50G" time="0.176">
  <properties/>
  <testcase name="fillCallback_updatesParentFill()" classname="ig.rueishi.nitroj.exchange.execution.PostOnlyQuoteExecutionTest" time="0.015"/>
  <testcase name="parentCancel_cancelsWorkingChildAndTerminalCancelAckCancelsParent()" classname="ig.rueishi.nitroj.exchange.execution.PostOnlyQuoteExecutionTest" time="0.008"/>
  <testcase name="submit_createsWorkingPostOnlyQuoteChild()" classname="ig.rueishi.nitroj.exchange.execution.PostOnlyQuoteExecutionTest" time="0.012"/>
  <testcase name="timerDuringPendingExecutionReport_isNoop()" classname="ig.rueishi.nitroj.exchange.execution.PostOnlyQuoteExecutionTest" time="0.008"/>
  <testcase name="retryExhaustion_failsParent()" classname="ig.rueishi.nitroj.exchange.execution.PostOnlyQuoteExecutionTest" time="0.013"/>
  <testcase name="capacityFull_rejectsSecondParent()" classname="ig.rueishi.nitroj.exchange.execution.PostOnlyQuoteExecutionTest" time="0.012"/>
  <testcase name="riskReject_failsBeforeChildCommand()" classname="ig.rueishi.nitroj.exchange.execution.PostOnlyQuoteExecutionTest" time="0.014"/>
  <testcase name="staleMarketDataPath_ignoresDifferentInstrumentTick()" classname="ig.rueishi.nitroj.exchange.execution.PostOnlyQuoteExecutionTest" time="0.009"/>
  <testcase name="replay_sameRefreshSequenceMatchesState()" classname="ig.rueishi.nitroj.exchange.execution.PostOnlyQuoteExecutionTest" time="0.022"/>
  <testcase name="refreshTrigger_movesChildToPendingCancel()" classname="ig.rueishi.nitroj.exchange.execution.PostOnlyQuoteExecutionTest" time="0.014"/>
  <testcase name="snapshotLoad_restoresWorkingQuoteParent()" classname="ig.rueishi.nitroj.exchange.execution.PostOnlyQuoteExecutionTest" time="0.009"/>
  <testcase name="postOnlyRejectRetry_oneTickDeeper()" classname="ig.rueishi.nitroj.exchange.execution.PostOnlyQuoteExecutionTest" time="0.014"/>
  <testcase name="cancelReplace_submitsReplacementAfterCancelAck()" classname="ig.rueishi.nitroj.exchange.execution.PostOnlyQuoteExecutionTest" time="0.013"/>
  <system-out><![CDATA[]]></system-out>
  <system-err><![CDATA[AtomicBuffer was created from a byte[] and is not correctly aligned by 8
AtomicBuffer was created from a byte[] and is not correctly aligned by 8
AtomicBuffer was created from a byte[] and is not correctly aligned by 8
AtomicBuffer was created from a byte[] and is not correctly aligned by 8
AtomicBuffer was created from a byte[] and is not correctly aligned by 8
AtomicBuffer was created from a byte[] and is not correctly aligned by 8
AtomicBuffer was created from a byte[] and is not correctly aligned by 8
AtomicBuffer was created from a byte[] and is not correctly aligned by 8
AtomicBuffer was created from a byte[] and is not correctly aligned by 8
AtomicBuffer was created from a byte[] and is not correctly aligned by 8
AtomicBuffer was created from a byte[] and is not correctly aligned by 8
AtomicBuffer was created from a byte[] and is not correctly aligned by 8
AtomicBuffer was created from a byte[] and is not correctly aligned by 8
AtomicBuffer was created from a byte[] and is not correctly aligned by 8
]]></system-err>
</testsuite>
