<?xml version="1.0" encoding="UTF-8"?>
<testsuite name="ig.rueishi.nitroj.exchange.cluster.ProductionFinancialPreflightTest" tests="2" skipped="0" failures="0" errors="0" timestamp="2026-04-29T00:54:38" hostname="LAPTOP-PGTQL50G" time="0.012">
  <properties/>
  <testcase name="killSwitchAndRejectedOrders_blockPortfolioMutation()" classname="ig.rueishi.nitroj.exchange.cluster.ProductionFinancialPreflightTest" time="0.0"/>
  <testcase name="staleDataAndSelfTradePrevention_areVisibleBeforeStrategyExecution()" classname="ig.rueishi.nitroj.exchange.cluster.ProductionFinancialPreflightTest" time="0.011"/>
  <system-out><![CDATA[]]></system-out>
  <system-err><![CDATA[]]></system-err>
</testsuite>
