<?xml version="1.0" encoding="UTF-8"?>
<testsuite name="ig.rueishi.nitroj.exchange.cluster.FillCycleIntegrationTest" tests="3" skipped="0" failures="0" errors="0" timestamp="2026-04-29T00:54:38" hostname="LAPTOP-PGTQL50G" time="0.011">
  <properties/>
  <testcase name="fillOnTerminalOrder_portfolioUnchanged()" classname="ig.rueishi.nitroj.exchange.cluster.FillCycleIntegrationTest" time="0.005"/>
  <testcase name="fill_updatesPortfolio_riskSnapshotUpdated()" classname="ig.rueishi.nitroj.exchange.cluster.FillCycleIntegrationTest" time="0.003"/>
  <testcase name="multipleFills_cumulativePosition_correct()" classname="ig.rueishi.nitroj.exchange.cluster.FillCycleIntegrationTest" time="0.001"/>
  <system-out><![CDATA[]]></system-out>
  <system-err><![CDATA[]]></system-err>
</testsuite>
